android/matrix-master/matrix/matrix-android/matrix-sqlite-lint/matrix-sqlite-lint-android-sdk/build/outputs/logs/manifest-merger-full-debug-report.txt
-- Merging decision tree log ---
manifest
ADDED from src/main/AndroidManifest.xml:1:1-3:12
INJECTED from src/main/AndroidManifest.xml:1:1-3:12
INJECTED from src/main/AndroidManifest.xml:1:1-3:12
INJECTED from src/main/AndroidManifest.xml:1:1-3:12
MERGED from src/main/AndroidManifest.xml:1:1-3:12
INJECTED from src/full/AndroidManifest.xml:1:1-26:12
INJECTED from src/full/AndroidManifest.xml:1:1-26:12
INJECTED from src/full/AndroidManifest.xml:1:1-26:12
	package
		ADDED from src/main/AndroidManifest.xml:1:11-43
		INJECTED from src/main/AndroidManifest.xml
		INJECTED from src/full/AndroidManifest.xml
	android:versionName
		INJECTED from src/main/AndroidManifest.xml
		ADDED from src/main/AndroidManifest.xml:1:1-3:12
		INJECTED from src/full/AndroidManifest.xml
	xmlns:android
		ADDED from src/full/AndroidManifest.xml:1:11-69
	android:versionCode
		INJECTED from src/main/AndroidManifest.xml
		ADDED from src/main/AndroidManifest.xml:1:1-3:12
		INJECTED from src/full/AndroidManifest.xml
uses-sdk
INJECTED from src/main/AndroidManifest.xml reason: use-sdk injection requested
INJECTED from src/main/AndroidManifest.xml
INJECTED from src/main/AndroidManifest.xml
INJECTED from src/full/AndroidManifest.xml
INJECTED from src/full/AndroidManifest.xml
	android:targetSdkVersion
		INJECTED from src/main/AndroidManifest.xml
		INJECTED from src/full/AndroidManifest.xml
	android:minSdkVersion
		INJECTED from src/main/AndroidManifest.xml
		INJECTED from src/full/AndroidManifest.xml
application
ADDED from src/full/AndroidManifest.xml:4:5-24:19
activity#com.tencent.sqlitelint.behaviour.alert.CheckedDatabaseListActivity
ADDED from src/full/AndroidManifest.xml:5:9-11:20
	android:label
		ADDED from src/full/AndroidManifest.xml:9:13-39
	android:exported
		ADDED from src/full/AndroidManifest.xml:7:13-36
	android:icon
		ADDED from src/full/AndroidManifest.xml:8:13-54
	android:taskAffinity
		ADDED from src/full/AndroidManifest.xml:10:13-58
	android:name
		ADDED from src/full/AndroidManifest.xml:6:13-94
activity#com.tencent.sqlitelint.behaviour.alert.CheckResultActivity
ADDED from src/full/AndroidManifest.xml:13:9-17:20
	android:launchMode
		ADDED from src/full/AndroidManifest.xml:15:13-43
	android:taskAffinity
		ADDED from src/full/AndroidManifest.xml:16:13-58
	android:name
		ADDED from src/full/AndroidManifest.xml:14:13-86
activity#com.tencent.sqlitelint.behaviour.alert.IssueDetailActivity
ADDED from src/full/AndroidManifest.xml:19:9-23:20
	android:launchMode
		ADDED from src/full/AndroidManifest.xml:21:13-43
	android:taskAffinity
		ADDED from src/full/AndroidManifest.xml:22:13-58
	android:name
		ADDED from src/full/AndroidManifest.xml:20:13-86